<?xml version="1.0" encoding="UTF-8"?>
<!-- Generated by org.testng.reporters.JUnitReportReporter -->
<testsuite hostname="DESKTOP-44T50QT" failures="0" tests="1" name="TestNG_Failing.Amezon" time="12.745" errors="0" timestamp="2023-10-06T20:13:27 IST" skipped="0">
  <testcase classname="TestNG_Failing.Amezon" name="amz" time="12.745"/>
  <system-out/>
</testsuite> <!-- TestNG_Failing.Amezon -->
