<?xml version="1.0" encoding="UTF-8"?>
<!-- Generated by org.testng.reporters.JUnitReportReporter -->
<testsuite hostname="DESKTOP-44T50QT" failures="0" tests="1" name="TestNG_Failing.Facebook" time="4.925" errors="0" timestamp="2023-10-06T20:15:27 IST" skipped="0">
  <testcase classname="TestNG_Failing.Facebook" name="fb" time="4.925"/>
  <system-out/>
</testsuite> <!-- TestNG_Failing.Facebook -->
