<?xml version="1.0" encoding="UTF-8"?>
<!-- Generated by org.testng.reporters.JUnitReportReporter -->
<testsuite hostname="DESKTOP-44T50QT" failures="0" tests="1" name="TestNg_Sequential.facebook" time="7.163" errors="0" timestamp="2023-10-04T20:48:48 IST" skipped="0">
  <testcase classname="TestNg_Sequential.facebook" name="facebk" time="7.163"/>
  <system-out/>
</testsuite> <!-- TestNg_Sequential.facebook -->
