<?xml version="1.0" encoding="UTF-8"?>
<!-- Generated by org.testng.reporters.JUnitReportReporter -->
<testsuite hostname="DESKTOP-44T50QT" failures="0" tests="3" name="TestNg.Annotations" time="68.680" errors="0" timestamp="2023-10-06T19:40:54 IST" skipped="0">
  <testcase classname="TestNg.Annotations" name="amezon" time="13.500"/>
  <system-out/>
  <testcase classname="TestNg.Annotations" name="facebook" time="5.216"/>
  <system-out/>
  <testcase classname="TestNg.Annotations" name="snapdeal" time="49.964"/>
  <system-out/>
</testsuite> <!-- TestNg.Annotations -->
