<?xml version="1.0" encoding="UTF-8"?>
<!-- Generated by org.testng.reporters.JUnitReportReporter -->
<testsuite hostname="DESKTOP-44T50QT" failures="0" tests="2" name="TestNG_Parallel.Facebook_Compatibility" time="8.353" errors="0" timestamp="2023-10-05T20:10:55 IST" skipped="0">
  <testcase classname="TestNG_Parallel.Facebook_Compatibility" name="fbc" time="3.095"/>
  <system-out/>
  <testcase classname="TestNG_Parallel.Facebook_Compatibility" name="fbc" time="5.258"/>
  <system-out/>
</testsuite> <!-- TestNG_Parallel.Facebook_Compatibility -->
