<?xml version="1.0" encoding="UTF-8"?>
<!-- Generated by org.testng.reporters.JUnitReportReporter -->
<testsuite hostname="DESKTOP-44T50QT" failures="0" tests="9" name="TestNg.Priority_invocation_enabled" time="0.025" errors="0" timestamp="2023-10-04T20:17:47 IST" skipped="0">
  <testcase classname="TestNg.Priority_invocation_enabled" name="demo3" time="0.003"/>
  <system-out/>
  <testcase classname="TestNg.Priority_invocation_enabled" name="demo3" time="0.001"/>
  <system-out/>
  <testcase classname="TestNg.Priority_invocation_enabled" name="demo3" time="0.002"/>
  <system-out/>
  <testcase classname="TestNg.Priority_invocation_enabled" name="demo3" time="0.010"/>
  <system-out/>
  <testcase classname="TestNg.Priority_invocation_enabled" name="demo2" time="0.005"/>
  <system-out/>
  <testcase classname="TestNg.Priority_invocation_enabled" name="demo2" time="0.001"/>
  <system-out/>
  <testcase classname="TestNg.Priority_invocation_enabled" name="demo2" time="0.001"/>
  <system-out/>
  <testcase classname="TestNg.Priority_invocation_enabled" name="demo1" time="0.001"/>
  <system-out/>
  <testcase classname="TestNg.Priority_invocation_enabled" name="demo1" time="0.001"/>
  <system-out/>
</testsuite> <!-- TestNg.Priority_invocation_enabled -->
