<?xml version="1.0" encoding="UTF-8"?>
<!-- Generated by org.testng.reporters.JUnitReportReporter -->
<testsuite hostname="DESKTOP-44T50QT" failures="0" tests="1" name="TestNG_Failing.Snapdeal" time="6.446" errors="0" timestamp="2023-10-06T20:13:27 IST" skipped="0">
  <testcase classname="TestNG_Failing.Snapdeal" name="snap" time="6.446"/>
  <system-out/>
</testsuite> <!-- TestNG_Failing.Snapdeal -->
