<?xml version="1.0" encoding="UTF-8"?>
<!-- Generated by org.testng.reporters.JUnitReportReporter -->
<testsuite hostname="DESKTOP-44T50QT" failures="0" tests="1" name="TestNG_Parallel.snapdeal" time="8.603" errors="0" timestamp="2023-10-05T19:41:14 IST" skipped="0">
  <testcase classname="TestNG_Parallel.snapdeal" name="snap" time="8.603"/>
  <system-out/>
</testsuite> <!-- TestNG_Parallel.snapdeal -->
