<?xml version="1.0" encoding="UTF-8"?>
<!-- Generated by org.testng.reporters.JUnitReportReporter -->
<testsuite hostname="DESKTOP-44T50QT" failures="0" tests="1" name="TestNG_Parallel.Facebook" time="7.702" errors="0" timestamp="2023-10-05T19:41:14 IST" skipped="0">
  <testcase classname="TestNG_Parallel.Facebook" name="fb" time="7.702"/>
  <system-out/>
</testsuite> <!-- TestNG_Parallel.Facebook -->
