<?xml version="1.0" encoding="UTF-8"?>
<!-- Generated by org.testng.reporters.JUnitReportReporter -->
<testsuite hostname="DESKTOP-44T50QT" failures="0" tests="2" name="TestNG_Group.Sample2" time="0.009" errors="0" timestamp="2023-10-05T20:34:27 IST" skipped="0">
  <testcase classname="TestNG_Group.Sample2" name="demo6" time="0.001"/>
  <system-out/>
  <testcase classname="TestNG_Group.Sample2" name="demo4" time="0.008"/>
  <system-out/>
</testsuite> <!-- TestNG_Group.Sample2 -->
