<?xml version="1.0" encoding="UTF-8"?>
<!-- Generated by org.testng.reporters.JUnitReportReporter -->
<testsuite hostname="DESKTOP-44T50QT" failures="0" tests="3" name="TestNg.DataProviders" time="62.032" errors="0" timestamp="2023-10-06T20:45:20 IST" skipped="0">
  <testcase classname="TestNg.DataProviders" name="facebook" time="4.611"/>
  <system-out/>
  <testcase classname="TestNg.DataProviders" name="facebook" time="8.098"/>
  <system-out/>
  <testcase classname="TestNg.DataProviders" name="facebook" time="49.323"/>
  <system-out/>
</testsuite> <!-- TestNg.DataProviders -->
